<?xml version="1.0" encoding="UTF-8"?>
<!-- Generated by org.testng.reporters.JUnitReportReporter -->
<testsuite hostname="DESKTOP-O84KNVA" failures="1" tests="11" name="TestCaseForSellerPage.TestCaseForProfileIconPage" time="203.827" errors="0" timestamp="2025-07-21T11:29:43 GMT+06:00" skipped="0">
  <testcase classname="TestCaseForSellerPage.TestCaseForProfileIconPage" name="shouldNavigateToprofileIconSection" time="16.286"/>
  <system-out/>
  <testcase classname="TestCaseForSellerPage.TestCaseForProfileIconPage" name="shouldNavigateToorderListNextPageSection" time="17.382"/>
  <system-out/>
  <testcase classname="TestCaseForSellerPage.TestCaseForProfileIconPage" name="testSelectAllEntriesOption" time="18.011"/>
  <system-out/>
  <testcase classname="TestCaseForSellerPage.TestCaseForProfileIconPage" name="testGoToPage2" time="16.925"/>
  <system-out/>
  <testcase classname="TestCaseForSellerPage.TestCaseForProfileIconPage" name="shouldNavigateTosearchSection" time="17.575"/>
  <system-out/>
  <testcase classname="TestCaseForSellerPage.TestCaseForProfileIconPage" name="shouldNavigateToeditProfileAndUpdatePage" time="16.775"/>
  <system-out/>
  <testcase classname="TestCaseForSellerPage.TestCaseForProfileIconPage" name="shouldNavigateToUpdatePasswordPage" time="16.728"/>
  <system-out/>
  <testcase classname="TestCaseForSellerPage.TestCaseForProfileIconPage" name="shouldNavigateToChatPage" time="18.463"/>
  <system-out/>
  <testcase classname="TestCaseForSellerPage.TestCaseForProfileIconPage" name="shouldFailIfImageFieldMissing" time="21.928">
    <failure message="&#039;Image&#039; field is missing or not visible. expected [true] but found [false]" type="java.lang.AssertionError">
      <![CDATA[java.lang.AssertionError: 'Image' field is missing or not visible. expected [true] but found [false]
at org.testng.Assert.fail(Assert.java:110)
at org.testng.Assert.failNotEquals(Assert.java:1577)
at org.testng.Assert.assertTrue(Assert.java:56)
at TestCaseForSellerPage.TestCaseForProfileIconPage.shouldFailIfImageFieldMissing(TestCaseForProfileIconPage.java:163)
at java.base/jdk.internal.reflect.NativeMethodAccessorImpl.invoke0(Native Method)
at java.base/jdk.internal.reflect.NativeMethodAccessorImpl.invoke(NativeMethodAccessorImpl.java:77)
at java.base/jdk.internal.reflect.DelegatingMethodAccessorImpl.invoke(DelegatingMethodAccessorImpl.java:43)
at java.base/java.lang.reflect.Method.invoke(Method.java:568)
at org.testng.internal.invokers.MethodInvocationHelper.invokeMethod(MethodInvocationHelper.java:139)
at org.testng.internal.invokers.TestInvoker.invokeMethod(TestInvoker.java:677)
at org.testng.internal.invokers.TestInvoker.invokeTestMethod(TestInvoker.java:221)
at org.testng.internal.invokers.MethodRunner.runInSequence(MethodRunner.java:50)
at org.testng.internal.invokers.TestInvoker$MethodInvocationAgent.invoke(TestInvoker.java:969)
at org.testng.internal.invokers.TestInvoker.invokeTestMethods(TestInvoker.java:194)
at org.testng.internal.invokers.TestMethodWorker.invokeTestMethods(TestMethodWorker.java:148)
at org.testng.internal.invokers.TestMethodWorker.run(TestMethodWorker.java:128)
at java.base/java.util.ArrayList.forEach(ArrayList.java:1511)
at org.testng.TestRunner.privateRun(TestRunner.java:829)
at org.testng.TestRunner.run(TestRunner.java:602)
at org.testng.SuiteRunner.runTest(SuiteRunner.java:437)
at org.testng.SuiteRunner.runSequentially(SuiteRunner.java:431)
at org.testng.SuiteRunner.privateRun(SuiteRunner.java:391)
at org.testng.SuiteRunner.run(SuiteRunner.java:330)
at org.testng.SuiteRunnerWorker.runSuite(SuiteRunnerWorker.java:52)
at org.testng.SuiteRunnerWorker.run(SuiteRunnerWorker.java:95)
at org.testng.TestNG.runSuitesSequentially(TestNG.java:1256)
at org.testng.TestNG.runSuitesLocally(TestNG.java:1176)
at org.testng.TestNG.runSuites(TestNG.java:1099)
at org.testng.TestNG.run(TestNG.java:1067)
at org.testng.remote.AbstractRemoteTestNG.run(AbstractRemoteTestNG.java:115)
at org.testng.remote.RemoteTestNG.initAndRun(RemoteTestNG.java:251)
at org.testng.remote.RemoteTestNG.main(RemoteTestNG.java:77)
]]>
    </failure>
  </testcase> <!-- shouldFailIfImageFieldMissing -->
  <system-out/>
  <testcase classname="TestCaseForSellerPage.TestCaseForProfileIconPage" name="shouldNavigateToViewOrderListAndSearchSection" time="17.366"/>
  <system-out/>
  <testcase classname="TestCaseForSellerPage.TestCaseForProfileIconPage" name="shouldEditAndUpdateProductName" time="26.388"/>
  <system-out/>
</testsuite> <!-- TestCaseForSellerPage.TestCaseForProfileIconPage -->
