<?xml version="1.0" encoding="UTF-8"?>
<!-- Generated by org.testng.reporters.JUnitReportReporter -->
<testsuite hostname="DESKTOP-O84KNVA" failures="0" tests="2" name="TestCaseForCommonPage.TestCaseForSignUpPage" time="17.705" errors="0" timestamp="2025-07-23T16:22:39 GMT+06:00" skipped="0">
  <testcase classname="TestCaseForCommonPage.TestCaseForSignUpPage" name="verifyAllFormFieldsFillUp" time="9.625"/>
  <system-out/>
  <testcase classname="TestCaseForCommonPage.TestCaseForSignUpPage" name="verifyNavigateBackToLoginPage" time="8.080"/>
  <system-out/>
</testsuite> <!-- TestCaseForCommonPage.TestCaseForSignUpPage -->
