<?xml version="1.0" encoding="UTF-8"?>
<!-- Generated by org.testng.reporters.JUnitReportReporter -->
<testsuite hostname="DESKTOP-O84KNVA" failures="0" tests="7" name="TestCaseForSellerPage.TestCaseForShopNowPage" time="106.600" errors="0" timestamp="2025-07-23T16:22:39 GMT+06:00" skipped="0">
  <testcase classname="TestCaseForSellerPage.TestCaseForShopNowPage" name="shouldNavigateToNewProductSeeAllSection" time="13.391"/>
  <system-out/>
  <testcase classname="TestCaseForSellerPage.TestCaseForShopNowPage" name="shouldNavigateToPopularProductSeeAllSection" time="14.946"/>
  <system-out/>
  <testcase classname="TestCaseForSellerPage.TestCaseForShopNowPage" name="shouldNavigateToexploreByCategoriesSeeAllSection" time="15.499"/>
  <system-out/>
  <testcase classname="TestCaseForSellerPage.TestCaseForShopNowPage" name="shouldNavigateToshopNowCategoriesSeeAllSection" time="13.031"/>
  <system-out/>
  <testcase classname="TestCaseForSellerPage.TestCaseForShopNowPage" name="shouldNavigateToshopNowallProducstSection" time="16.594"/>
  <system-out/>
  <testcase classname="TestCaseForSellerPage.TestCaseForShopNowPage" name="shouldNavigateTonextPageallProducstSection" time="15.503"/>
  <system-out/>
  <testcase classname="TestCaseForSellerPage.TestCaseForShopNowPage" name="shouldNavigateTosearchOptionSection" time="17.636"/>
  <system-out/>
</testsuite> <!-- TestCaseForSellerPage.TestCaseForShopNowPage -->
