<?xml version="1.0" encoding="UTF-8"?>
<!-- Generated by org.testng.reporters.JUnitReportReporter -->
<testsuite hostname="DESKTOP-O84KNVA" failures="0" tests="7" name="TestCaseForSellerPage.TestCaseForShopNowPage" time="122.319" errors="0" timestamp="2025-07-21T11:29:43 GMT+06:00" skipped="0">
  <testcase classname="TestCaseForSellerPage.TestCaseForShopNowPage" name="shouldNavigateToNewProductSeeAllSection" time="17.555"/>
  <system-out/>
  <testcase classname="TestCaseForSellerPage.TestCaseForShopNowPage" name="shouldNavigateToPopularProductSeeAllSection" time="17.015"/>
  <system-out/>
  <testcase classname="TestCaseForSellerPage.TestCaseForShopNowPage" name="shouldNavigateToexploreByCategoriesSeeAllSection" time="15.093"/>
  <system-out/>
  <testcase classname="TestCaseForSellerPage.TestCaseForShopNowPage" name="shouldNavigateToshopNowCategoriesSeeAllSection" time="23.991"/>
  <system-out/>
  <testcase classname="TestCaseForSellerPage.TestCaseForShopNowPage" name="shouldNavigateToshopNowallProducstSection" time="16.583"/>
  <system-out/>
  <testcase classname="TestCaseForSellerPage.TestCaseForShopNowPage" name="shouldNavigateTonextPageallProducstSection" time="15.863"/>
  <system-out/>
  <testcase classname="TestCaseForSellerPage.TestCaseForShopNowPage" name="shouldNavigateTosearchOptionSection" time="16.219"/>
  <system-out/>
</testsuite> <!-- TestCaseForSellerPage.TestCaseForShopNowPage -->
