<?xml version="1.0" encoding="UTF-8"?>
<!-- Generated by org.testng.reporters.JUnitReportReporter -->
<testsuite hostname="DESKTOP-O84KNVA" failures="0" tests="5" name="TestCaseForCommonPage.TestCaseForLoginPage" time="36.545" errors="0" timestamp="2025-07-23T16:22:39 GMT+06:00" skipped="0">
  <testcase classname="TestCaseForCommonPage.TestCaseForLoginPage" name="verifyNavigateToSignUpPage" time="6.775"/>
  <system-out/>
  <testcase classname="TestCaseForCommonPage.TestCaseForLoginPage" name="verifySellerLoginWithValidCredential" time="6.680"/>
  <system-out/>
  <testcase classname="TestCaseForCommonPage.TestCaseForLoginPage" name="verifySellerLoginWithInvalidCredential" time="8.492"/>
  <system-out/>
  <testcase classname="TestCaseForCommonPage.TestCaseForLoginPage" name="verifyCustomerLoginWithValidCredential" time="7.647"/>
  <system-out/>
  <testcase classname="TestCaseForCommonPage.TestCaseForLoginPage" name="verifyAdminLoginWithValidCredential" time="6.951"/>
  <system-out/>
</testsuite> <!-- TestCaseForCommonPage.TestCaseForLoginPage -->
