<?xml version="1.0" encoding="UTF-8"?>
<!-- Generated by org.testng.reporters.JUnitReportReporter -->
<testsuite hostname="DESKTOP-O84KNVA" failures="0" tests="5" name="TestCaseForSellerPage.TestCaseForSellerHomePage" time="63.087" errors="0" timestamp="2025-07-23T16:22:39 GMT+06:00" skipped="0">
  <testcase classname="TestCaseForSellerPage.TestCaseForSellerHomePage" name="verifyNavigateToCategories" time="11.553"/>
  <system-out/>
  <testcase classname="TestCaseForSellerPage.TestCaseForSellerHomePage" name="verifyNavigateToExploreCoursePage" time="10.901"/>
  <system-out/>
  <testcase classname="TestCaseForSellerPage.TestCaseForSellerHomePage" name="verifyNavigateToContactPage" time="13.252"/>
  <system-out/>
  <testcase classname="TestCaseForSellerPage.TestCaseForSellerHomePage" name="verifyNavigateToProfileIcon" time="14.585"/>
  <system-out/>
  <testcase classname="TestCaseForSellerPage.TestCaseForSellerHomePage" name="verifyNavigateToShopNowPage" time="12.796"/>
  <system-out/>
</testsuite> <!-- TestCaseForSellerPage.TestCaseForSellerHomePage -->
