<?xml version="1.0" encoding="UTF-8"?>
<!-- Generated by org.testng.reporters.JUnitReportReporter -->
<testsuite hostname="DESKTOP-O84KNVA" failures="0" tests="1" name="TestCaseForSellerPage.TestCaseForExploreCoursePage$TestCaseForProfileIconPage" time="16.073" errors="0" timestamp="2025-07-23T15:28:26 GMT+06:00" skipped="0">
  <testcase classname="TestCaseForSellerPage.TestCaseForExploreCoursePage$TestCaseForProfileIconPage" name="shouldNavigateToexploreCourseSection" time="16.073"/>
  <system-out/>
</testsuite> <!-- TestCaseForSellerPage.TestCaseForExploreCoursePage$TestCaseForProfileIconPage -->
