<?xml version="1.0" encoding="UTF-8"?>
<!-- Generated by org.testng.reporters.JUnitReportReporter -->
<testsuite hostname="DESKTOP-O84KNVA" failures="0" tests="5" name="TestCaseForSellerPage.TestCaseForSellerHomePage" time="67.860" errors="0" timestamp="2025-07-21T11:29:43 GMT+06:00" skipped="0">
  <testcase classname="TestCaseForSellerPage.TestCaseForSellerHomePage" name="verifyNavigateToCategories" time="13.984"/>
  <system-out/>
  <testcase classname="TestCaseForSellerPage.TestCaseForSellerHomePage" name="verifyNavigateToExploreCoursePage" time="14.657"/>
  <system-out/>
  <testcase classname="TestCaseForSellerPage.TestCaseForSellerHomePage" name="verifyNavigateToContactPage" time="12.563"/>
  <system-out/>
  <testcase classname="TestCaseForSellerPage.TestCaseForSellerHomePage" name="verifyNavigateToProfileIcon" time="12.851"/>
  <system-out/>
  <testcase classname="TestCaseForSellerPage.TestCaseForSellerHomePage" name="verifyNavigateToShopNowPage" time="13.805"/>
  <system-out/>
</testsuite> <!-- TestCaseForSellerPage.TestCaseForSellerHomePage -->
