<?xml version="1.0" encoding="UTF-8"?>
<!-- Generated by org.testng.reporters.JUnitReportReporter -->
<testsuite hostname="DESKTOP-O84KNVA" failures="0" tests="5" name="TestCaseForCommonPage.TestCaseForLoginPage" time="39.405" errors="0" timestamp="2025-07-21T11:29:43 GMT+06:00" skipped="0">
  <testcase classname="TestCaseForCommonPage.TestCaseForLoginPage" name="verifyNavigateToSignUpPage" time="7.048"/>
  <system-out/>
  <testcase classname="TestCaseForCommonPage.TestCaseForLoginPage" name="verifySellerLoginWithValidCredential" time="7.739"/>
  <system-out/>
  <testcase classname="TestCaseForCommonPage.TestCaseForLoginPage" name="verifySellerLoginWithInvalidCredential" time="9.802"/>
  <system-out/>
  <testcase classname="TestCaseForCommonPage.TestCaseForLoginPage" name="verifyCustomerLoginWithValidCredential" time="7.811"/>
  <system-out/>
  <testcase classname="TestCaseForCommonPage.TestCaseForLoginPage" name="verifyAdminLoginWithValidCredential" time="7.005"/>
  <system-out/>
</testsuite> <!-- TestCaseForCommonPage.TestCaseForLoginPage -->
